<?xml version="1.0" encoding="UTF-8"?>
<testsuite name="SolutionTest" tests="4" skipped="0" failures="0" errors="0" timestamp="2022-07-12T02:33:34" hostname="yuanyu-ubuntu" time="0.033">
  <properties/>
  <testcase name="numDistinctExample1()" classname="SolutionTest" time="0.026"/>
  <testcase name="numDistinctExample2()" classname="SolutionTest" time="0.001"/>
  <testcase name="numDistinctDFSExample1()" classname="SolutionTest" time="0.001"/>
  <testcase name="numDistinctDFSExample2()" classname="SolutionTest" time="0.002"/>
  <system-out><![CDATA[]]></system-out>
  <system-err><![CDATA[]]></system-err>
</testsuite>
